
  .   ____          _            __ _ _
 /\\ / ___'_ __ _ _(_)_ __  __ _ \ \ \ \
( ( )\___ | '_ | '_| | '_ \/ _` | \ \ \ \
 \\/  ___)| |_)| | | | | || (_| |  ) ) ) )
  '  |____| .__|_| |_|_| |_\__, | / / / /
 =========|_|==============|___/=/_/_/_/
 :: Spring Boot ::                (v2.6.4)

2022-03-18 22:38:19.183  INFO 72987 --- [           main] com.example.product.ProductApplication   : Starting ProductApplication using Java 16.0.2 on ijunseoui-MacBookAir.local with PID 72987 (/Users/junslee/myspace/microservice/product/build/libs/product-0.0.1-SNAPSHOT.jar started by junslee in /Users/junslee/myspace/microservice/product)
2022-03-18 22:38:19.185  INFO 72987 --- [           main] com.example.product.ProductApplication   : No active profile set, falling back to 1 default profile: "default"
2022-03-18 22:38:19.709  INFO 72987 --- [           main] .s.d.r.c.RepositoryConfigurationDelegate : Bootstrapping Spring Data JPA repositories in DEFAULT mode.
2022-03-18 22:38:19.824  INFO 72987 --- [           main] .s.d.r.c.RepositoryConfigurationDelegate : Finished Spring Data repository scanning in 108 ms. Found 1 JPA repository interfaces.
2022-03-18 22:38:20.079  INFO 72987 --- [           main] o.s.cloud.context.scope.GenericScope     : BeanFactory id=82cfc4d6-4736-3c6f-a403-1d895529a921
2022-03-18 22:38:20.384  INFO 72987 --- [           main] o.s.b.w.embedded.tomcat.TomcatWebServer  : Tomcat initialized with port(s): 0 (http)
2022-03-18 22:38:20.398  INFO 72987 --- [           main] o.apache.catalina.core.StandardService   : Starting service [Tomcat]
2022-03-18 22:38:20.398  INFO 72987 --- [           main] org.apache.catalina.core.StandardEngine  : Starting Servlet engine: [Apache Tomcat/9.0.58]
2022-03-18 22:38:20.434  INFO 72987 --- [           main] o.a.c.c.C.[Tomcat].[localhost].[/]       : Initializing Spring embedded WebApplicationContext
2022-03-18 22:38:20.434  INFO 72987 --- [           main] w.s.c.ServletWebServerApplicationContext : Root WebApplicationContext: initialization completed in 1216 ms
2022-03-18 22:38:20.455  INFO 72987 --- [           main] com.zaxxer.hikari.HikariDataSource       : HikariPool-1 - Starting...
2022-03-18 22:38:20.549  INFO 72987 --- [           main] com.zaxxer.hikari.HikariDataSource       : HikariPool-1 - Start completed.
2022-03-18 22:38:20.555  INFO 72987 --- [           main] o.s.b.a.h2.H2ConsoleAutoConfiguration    : H2 console available at '/h2-console'. Database available at 'jdbc:h2:mem:testdb'
2022-03-18 22:38:20.665  INFO 72987 --- [           main] o.hibernate.jpa.internal.util.LogHelper  : HHH000204: Processing PersistenceUnitInfo [name: default]
2022-03-18 22:38:20.692  INFO 72987 --- [           main] org.hibernate.Version                    : HHH000412: Hibernate ORM core version 5.6.5.Final
2022-03-18 22:38:20.788  INFO 72987 --- [           main] o.hibernate.annotations.common.Version   : HCANN000001: Hibernate Commons Annotations {5.1.2.Final}
2022-03-18 22:38:20.846  INFO 72987 --- [           main] org.hibernate.dialect.Dialect            : HHH000400: Using dialect: org.hibernate.dialect.H2Dialect
Hibernate: drop table if exists product CASCADE 
Hibernate: create table product (id bigint generated by default as identity, name varchar(255), stock_quantity integer not null, unit_price integer not null, primary key (id))
2022-03-18 22:38:21.190  INFO 72987 --- [           main] o.h.e.t.j.p.i.JtaPlatformInitiator       : HHH000490: Using JtaPlatform implementation: [org.hibernate.engine.transaction.jta.platform.internal.NoJtaPlatform]
2022-03-18 22:38:21.195  INFO 72987 --- [           main] j.LocalContainerEntityManagerFactoryBean : Initialized JPA EntityManagerFactory for persistence unit 'default'
2022-03-18 22:38:21.409  WARN 72987 --- [           main] JpaBaseConfiguration$JpaWebConfiguration : spring.jpa.open-in-view is enabled by default. Therefore, database queries may be performed during view rendering. Explicitly configure spring.jpa.open-in-view to disable this warning
2022-03-18 22:38:21.671  INFO 72987 --- [           main] DiscoveryClientOptionalArgsConfiguration : Eureka HTTP Client uses RestTemplate.
2022-03-18 22:38:21.733  WARN 72987 --- [           main] iguration$LoadBalancerCaffeineWarnLogger : Spring Cloud LoadBalancer is currently working with the default cache. While this cache implementation is useful for development and tests, it's recommended to use Caffeine cache in production.You can switch to using Caffeine cache, by adding it and org.springframework.cache.caffeine.CaffeineCacheManager to the classpath.
2022-03-18 22:38:21.790  INFO 72987 --- [           main] o.a.k.clients.consumer.ConsumerConfig    : ConsumerConfig values: 
	allow.auto.create.topics = true
	auto.commit.interval.ms = 5000
	auto.offset.reset = latest
	bootstrap.servers = [localhost:9092]
	check.crcs = true
	client.dns.lookup = use_all_dns_ips
	client.id = consumer-consumerGroupId-1
	client.rack = 
	connections.max.idle.ms = 540000
	default.api.timeout.ms = 60000
	enable.auto.commit = false
	exclude.internal.topics = true
	fetch.max.bytes = 52428800
	fetch.max.wait.ms = 500
	fetch.min.bytes = 1
	group.id = consumerGroupId
	group.instance.id = null
	heartbeat.interval.ms = 3000
	interceptor.classes = []
	internal.leave.group.on.close = true
	internal.throw.on.fetch.stable.offset.unsupported = false
	isolation.level = read_uncommitted
	key.deserializer = class org.apache.kafka.common.serialization.StringDeserializer
	max.partition.fetch.bytes = 1048576
	max.poll.interval.ms = 300000
	max.poll.records = 500
	metadata.max.age.ms = 300000
	metric.reporters = []
	metrics.num.samples = 2
	metrics.recording.level = INFO
	metrics.sample.window.ms = 30000
	partition.assignment.strategy = [class org.apache.kafka.clients.consumer.RangeAssignor, class org.apache.kafka.clients.consumer.CooperativeStickyAssignor]
	receive.buffer.bytes = 65536
	reconnect.backoff.max.ms = 1000
	reconnect.backoff.ms = 50
	request.timeout.ms = 30000
	retry.backoff.ms = 100
	sasl.client.callback.handler.class = null
	sasl.jaas.config = null
	sasl.kerberos.kinit.cmd = /usr/bin/kinit
	sasl.kerberos.min.time.before.relogin = 60000
	sasl.kerberos.service.name = null
	sasl.kerberos.ticket.renew.jitter = 0.05
	sasl.kerberos.ticket.renew.window.factor = 0.8
	sasl.login.callback.handler.class = null
	sasl.login.class = null
	sasl.login.refresh.buffer.seconds = 300
	sasl.login.refresh.min.period.seconds = 60
	sasl.login.refresh.window.factor = 0.8
	sasl.login.refresh.window.jitter = 0.05
	sasl.mechanism = GSSAPI
	security.protocol = PLAINTEXT
	security.providers = null
	send.buffer.bytes = 131072
	session.timeout.ms = 45000
	socket.connection.setup.timeout.max.ms = 30000
	socket.connection.setup.timeout.ms = 10000
	ssl.cipher.suites = null
	ssl.enabled.protocols = [TLSv1.2, TLSv1.3]
	ssl.endpoint.identification.algorithm = https
	ssl.engine.factory.class = null
	ssl.key.password = null
	ssl.keymanager.algorithm = SunX509
	ssl.keystore.certificate.chain = null
	ssl.keystore.key = null
	ssl.keystore.location = null
	ssl.keystore.password = null
	ssl.keystore.type = JKS
	ssl.protocol = TLSv1.3
	ssl.provider = null
	ssl.secure.random.implementation = null
	ssl.trustmanager.algorithm = PKIX
	ssl.truststore.certificates = null
	ssl.truststore.location = null
	ssl.truststore.password = null
	ssl.truststore.type = JKS
	value.deserializer = class org.apache.kafka.common.serialization.StringDeserializer

2022-03-18 22:38:21.860  INFO 72987 --- [           main] o.a.kafka.common.utils.AppInfoParser     : Kafka version: 3.0.0
2022-03-18 22:38:21.861  INFO 72987 --- [           main] o.a.kafka.common.utils.AppInfoParser     : Kafka commitId: 8cb0a5e9d3441962
2022-03-18 22:38:21.861  INFO 72987 --- [           main] o.a.kafka.common.utils.AppInfoParser     : Kafka startTimeMs: 1647610701860
2022-03-18 22:38:21.862  INFO 72987 --- [           main] o.a.k.clients.consumer.KafkaConsumer     : [Consumer clientId=consumer-consumerGroupId-1, groupId=consumerGroupId] Subscribed to topic(s): product-topic
2022-03-18 22:38:21.889  INFO 72987 --- [           main] o.s.b.w.embedded.tomcat.TomcatWebServer  : Tomcat started on port(s): 64875 (http) with context path ''
2022-03-18 22:38:21.889  INFO 72987 --- [           main] .s.c.n.e.s.EurekaAutoServiceRegistration : Updating port to 64875
2022-03-18 22:38:21.892  INFO 72987 --- [           main] o.s.c.n.eureka.InstanceInfoFactory       : Setting initial instance status as: STARTING
2022-03-18 22:38:21.953  INFO 72987 --- [           main] com.netflix.discovery.DiscoveryClient    : Initializing Eureka in region us-east-1
2022-03-18 22:38:21.961  INFO 72987 --- [           main] c.n.d.s.r.aws.ConfigClusterResolver      : Resolving eureka endpoints via configuration
2022-03-18 22:38:22.006  INFO 72987 --- [           main] com.netflix.discovery.DiscoveryClient    : Disable delta property : false
2022-03-18 22:38:22.007  INFO 72987 --- [           main] com.netflix.discovery.DiscoveryClient    : Single vip registry refresh property : null
2022-03-18 22:38:22.007  INFO 72987 --- [           main] com.netflix.discovery.DiscoveryClient    : Force full registry fetch : false
2022-03-18 22:38:22.007  INFO 72987 --- [           main] com.netflix.discovery.DiscoveryClient    : Application is null : false
2022-03-18 22:38:22.007  INFO 72987 --- [           main] com.netflix.discovery.DiscoveryClient    : Registered Applications size is zero : true
2022-03-18 22:38:22.007  INFO 72987 --- [           main] com.netflix.discovery.DiscoveryClient    : Application version is -1: true
2022-03-18 22:38:22.007  INFO 72987 --- [           main] com.netflix.discovery.DiscoveryClient    : Getting all instance registry info from the eureka server
2022-03-18 22:38:22.173  INFO 72987 --- [ntainer#0-0-C-1] org.apache.kafka.clients.Metadata        : [Consumer clientId=consumer-consumerGroupId-1, groupId=consumerGroupId] Cluster ID: sxFFykkJRMi1EMxo_1CL5g
2022-03-18 22:38:22.173  INFO 72987 --- [ntainer#0-0-C-1] o.a.k.c.c.internals.ConsumerCoordinator  : [Consumer clientId=consumer-consumerGroupId-1, groupId=consumerGroupId] Discovered group coordinator 192.168.0.14:9092 (id: 2147483647 rack: null)
2022-03-18 22:38:22.174  INFO 72987 --- [ntainer#0-0-C-1] o.a.k.c.c.internals.ConsumerCoordinator  : [Consumer clientId=consumer-consumerGroupId-1, groupId=consumerGroupId] (Re-)joining group
2022-03-18 22:38:22.203  INFO 72987 --- [ntainer#0-0-C-1] o.a.k.c.c.internals.ConsumerCoordinator  : [Consumer clientId=consumer-consumerGroupId-1, groupId=consumerGroupId] Request joining group due to: need to re-join with the given member-id
2022-03-18 22:38:22.204  INFO 72987 --- [ntainer#0-0-C-1] o.a.k.c.c.internals.ConsumerCoordinator  : [Consumer clientId=consumer-consumerGroupId-1, groupId=consumerGroupId] (Re-)joining group
2022-03-18 22:38:22.337  INFO 72987 --- [           main] com.netflix.discovery.DiscoveryClient    : The response status is 200
2022-03-18 22:38:22.338  INFO 72987 --- [           main] com.netflix.discovery.DiscoveryClient    : Starting heartbeat executor: renew interval is: 30
2022-03-18 22:38:22.339  INFO 72987 --- [           main] c.n.discovery.InstanceInfoReplicator     : InstanceInfoReplicator onDemand update allowed rate per min is 4
2022-03-18 22:38:22.342  INFO 72987 --- [           main] com.netflix.discovery.DiscoveryClient    : Discovery Client initialized at timestamp 1647610702341 with initial instances count: 0
2022-03-18 22:38:22.345  INFO 72987 --- [           main] o.s.c.n.e.s.EurekaServiceRegistry        : Registering application PRODUCT-SERVICE with eureka with status UP
2022-03-18 22:38:22.345  INFO 72987 --- [           main] com.netflix.discovery.DiscoveryClient    : Saw local status change event StatusChangeEvent [timestamp=1647610702345, current=UP, previous=STARTING]
2022-03-18 22:38:22.346  INFO 72987 --- [nfoReplicator-0] com.netflix.discovery.DiscoveryClient    : DiscoveryClient_PRODUCT-SERVICE/product-service:eb8f16e1d536a1ec5ae6f1a9604069a6: registering service...
2022-03-18 22:38:22.354  INFO 72987 --- [           main] com.example.product.ProductApplication   : Started ProductApplication in 3.543 seconds (JVM running for 3.852)
2022-03-18 22:38:22.383  INFO 72987 --- [nfoReplicator-0] com.netflix.discovery.DiscoveryClient    : DiscoveryClient_PRODUCT-SERVICE/product-service:eb8f16e1d536a1ec5ae6f1a9604069a6 - registration status: 204
Hibernate: select product0_.id as id1_0_, product0_.name as name2_0_, product0_.stock_quantity as stock_qu3_0_, product0_.unit_price as unit_pri4_0_ from product product0_
Hibernate: insert into product (id, name, stock_quantity, unit_price) values (default, ?, ?, ?)
Hibernate: insert into product (id, name, stock_quantity, unit_price) values (default, ?, ?, ?)
Hibernate: insert into product (id, name, stock_quantity, unit_price) values (default, ?, ?, ?)
2022-03-18 22:38:24.082  INFO 72987 --- [ntainer#0-0-C-1] o.a.k.c.c.internals.ConsumerCoordinator  : [Consumer clientId=consumer-consumerGroupId-1, groupId=consumerGroupId] Successfully joined group with generation Generation{generationId=48, memberId='consumer-consumerGroupId-1-6f114b80-d0a7-49b6-865e-8468923dc26a', protocol='range'}
2022-03-18 22:38:24.129  INFO 72987 --- [ntainer#0-0-C-1] o.a.k.c.c.internals.ConsumerCoordinator  : [Consumer clientId=consumer-consumerGroupId-1, groupId=consumerGroupId] Successfully synced group in generation Generation{generationId=48, memberId='consumer-consumerGroupId-1-6f114b80-d0a7-49b6-865e-8468923dc26a', protocol='range'}
2022-03-18 22:38:24.130  INFO 72987 --- [ntainer#0-0-C-1] o.a.k.c.c.internals.ConsumerCoordinator  : [Consumer clientId=consumer-consumerGroupId-1, groupId=consumerGroupId] Notifying assignor about the new Assignment(partitions=[product-topic-0])
2022-03-18 22:38:24.131  INFO 72987 --- [ntainer#0-0-C-1] o.a.k.c.c.internals.ConsumerCoordinator  : [Consumer clientId=consumer-consumerGroupId-1, groupId=consumerGroupId] Adding newly assigned partitions: product-topic-0
2022-03-18 22:38:24.137  INFO 72987 --- [ntainer#0-0-C-1] o.a.k.c.c.internals.ConsumerCoordinator  : [Consumer clientId=consumer-consumerGroupId-1, groupId=consumerGroupId] Setting offset for partition product-topic-0 to the committed offset FetchPosition{offset=12, offsetEpoch=Optional.empty, currentLeader=LeaderAndEpoch{leader=Optional[192.168.0.14:9092 (id: 0 rack: null)], epoch=0}}
2022-03-18 22:38:24.138  INFO 72987 --- [ntainer#0-0-C-1] o.s.k.l.KafkaMessageListenerContainer    : consumerGroupId: partitions assigned: [product-topic-0]
2022-03-18 22:38:52.344  INFO 72987 --- [freshExecutor-0] com.netflix.discovery.DiscoveryClient    : Disable delta property : false
2022-03-18 22:38:52.346  INFO 72987 --- [freshExecutor-0] com.netflix.discovery.DiscoveryClient    : Single vip registry refresh property : null
2022-03-18 22:38:52.346  INFO 72987 --- [freshExecutor-0] com.netflix.discovery.DiscoveryClient    : Force full registry fetch : false
2022-03-18 22:38:52.346  INFO 72987 --- [freshExecutor-0] com.netflix.discovery.DiscoveryClient    : Application is null : false
2022-03-18 22:38:52.346  INFO 72987 --- [freshExecutor-0] com.netflix.discovery.DiscoveryClient    : Registered Applications size is zero : true
2022-03-18 22:38:52.346  INFO 72987 --- [freshExecutor-0] com.netflix.discovery.DiscoveryClient    : Application version is -1: false
2022-03-18 22:38:52.346  INFO 72987 --- [freshExecutor-0] com.netflix.discovery.DiscoveryClient    : Getting all instance registry info from the eureka server
2022-03-18 22:38:52.375  INFO 72987 --- [freshExecutor-0] com.netflix.discovery.DiscoveryClient    : The response status is 200
2022-03-18 22:39:06.225  INFO 72987 --- [o-auto-1-exec-1] o.a.c.c.C.[Tomcat].[localhost].[/]       : Initializing Spring DispatcherServlet 'dispatcherServlet'
2022-03-18 22:39:06.226  INFO 72987 --- [o-auto-1-exec-1] o.s.web.servlet.DispatcherServlet        : Initializing Servlet 'dispatcherServlet'
2022-03-18 22:39:06.227  INFO 72987 --- [o-auto-1-exec-1] o.s.web.servlet.DispatcherServlet        : Completed initialization in 1 ms
Hibernate: select product0_.id as id1_0_0_, product0_.name as name2_0_0_, product0_.stock_quantity as stock_qu3_0_0_, product0_.unit_price as unit_pri4_0_0_ from product product0_ where product0_.id=?
Hibernate: update product set name=?, stock_quantity=?, unit_price=? where id=?
Hibernate: select product0_.id as id1_0_0_, product0_.name as name2_0_0_, product0_.stock_quantity as stock_qu3_0_0_, product0_.unit_price as unit_pri4_0_0_ from product product0_ where product0_.id=?
Hibernate: update product set name=?, stock_quantity=?, unit_price=? where id=?
Hibernate: select product0_.id as id1_0_0_, product0_.name as name2_0_0_, product0_.stock_quantity as stock_qu3_0_0_, product0_.unit_price as unit_pri4_0_0_ from product product0_ where product0_.id=?
Hibernate: update product set name=?, stock_quantity=?, unit_price=? where id=?
2022-03-18 22:43:22.014  INFO 72987 --- [trap-executor-0] c.n.d.s.r.aws.ConfigClusterResolver      : Resolving eureka endpoints via configuration
2022-03-18 22:48:22.022  INFO 72987 --- [trap-executor-0] c.n.d.s.r.aws.ConfigClusterResolver      : Resolving eureka endpoints via configuration
