
  .   ____          _            __ _ _
 /\\ / ___'_ __ _ _(_)_ __  __ _ \ \ \ \
( ( )\___ | '_ | '_| | '_ \/ _` | \ \ \ \
 \\/  ___)| |_)| | | | | || (_| |  ) ) ) )
  '  |____| .__|_| |_|_| |_\__, | / / / /
 =========|_|==============|___/=/_/_/_/
 :: Spring Boot ::                (v2.6.4)

2022-03-18 22:38:25.351  INFO 73009 --- [           main] com.example.order.OrderApplication       : Starting OrderApplication using Java 16.0.2 on ijunseoui-MacBookAir.local with PID 73009 (/Users/junslee/myspace/microservice/order/build/libs/order-0.0.1-SNAPSHOT.jar started by junslee in /Users/junslee/myspace/microservice/order)
2022-03-18 22:38:25.353  INFO 73009 --- [           main] com.example.order.OrderApplication       : No active profile set, falling back to 1 default profile: "default"
2022-03-18 22:38:25.703  INFO 73009 --- [           main] .s.d.r.c.RepositoryConfigurationDelegate : Bootstrapping Spring Data JPA repositories in DEFAULT mode.
2022-03-18 22:38:25.789  INFO 73009 --- [           main] .s.d.r.c.RepositoryConfigurationDelegate : Finished Spring Data repository scanning in 81 ms. Found 1 JPA repository interfaces.
2022-03-18 22:38:25.920  INFO 73009 --- [           main] o.s.cloud.context.scope.GenericScope     : BeanFactory id=d22d1fab-2aaf-3435-82d0-88f188d5d6d1
2022-03-18 22:38:26.139  INFO 73009 --- [           main] o.s.b.w.embedded.tomcat.TomcatWebServer  : Tomcat initialized with port(s): 0 (http)
2022-03-18 22:38:26.145  INFO 73009 --- [           main] o.apache.catalina.core.StandardService   : Starting service [Tomcat]
2022-03-18 22:38:26.145  INFO 73009 --- [           main] org.apache.catalina.core.StandardEngine  : Starting Servlet engine: [Apache Tomcat/9.0.58]
2022-03-18 22:38:26.176  INFO 73009 --- [           main] o.a.c.c.C.[Tomcat].[localhost].[/]       : Initializing Spring embedded WebApplicationContext
2022-03-18 22:38:26.176  INFO 73009 --- [           main] w.s.c.ServletWebServerApplicationContext : Root WebApplicationContext: initialization completed in 797 ms
2022-03-18 22:38:26.194  INFO 73009 --- [           main] com.zaxxer.hikari.HikariDataSource       : HikariPool-1 - Starting...
2022-03-18 22:38:26.283  INFO 73009 --- [           main] com.zaxxer.hikari.HikariDataSource       : HikariPool-1 - Start completed.
2022-03-18 22:38:26.294  INFO 73009 --- [           main] o.s.b.a.h2.H2ConsoleAutoConfiguration    : H2 console available at '/h2-console'. Database available at 'jdbc:h2:mem:testdb'
2022-03-18 22:38:26.382  INFO 73009 --- [           main] o.hibernate.jpa.internal.util.LogHelper  : HHH000204: Processing PersistenceUnitInfo [name: default]
2022-03-18 22:38:26.407  INFO 73009 --- [           main] org.hibernate.Version                    : HHH000412: Hibernate ORM core version 5.6.5.Final
2022-03-18 22:38:26.499  INFO 73009 --- [           main] o.hibernate.annotations.common.Version   : HCANN000001: Hibernate Commons Annotations {5.1.2.Final}
2022-03-18 22:38:26.554  INFO 73009 --- [           main] org.hibernate.dialect.Dialect            : HHH000400: Using dialect: org.hibernate.dialect.H2Dialect
Hibernate: drop table if exists orders CASCADE 
Hibernate: create table orders (id bigint generated by default as identity, created_at timestamp, product_id bigint, quantity integer not null, total_price integer not null, unit_price integer not null, user_id bigint, primary key (id))
2022-03-18 22:38:26.805  INFO 73009 --- [           main] o.h.e.t.j.p.i.JtaPlatformInitiator       : HHH000490: Using JtaPlatform implementation: [org.hibernate.engine.transaction.jta.platform.internal.NoJtaPlatform]
2022-03-18 22:38:26.809  INFO 73009 --- [           main] j.LocalContainerEntityManagerFactoryBean : Initialized JPA EntityManagerFactory for persistence unit 'default'
2022-03-18 22:38:27.008  WARN 73009 --- [           main] JpaBaseConfiguration$JpaWebConfiguration : spring.jpa.open-in-view is enabled by default. Therefore, database queries may be performed during view rendering. Explicitly configure spring.jpa.open-in-view to disable this warning
2022-03-18 22:38:27.215  INFO 73009 --- [           main] DiscoveryClientOptionalArgsConfiguration : Eureka HTTP Client uses RestTemplate.
2022-03-18 22:38:27.269  WARN 73009 --- [           main] iguration$LoadBalancerCaffeineWarnLogger : Spring Cloud LoadBalancer is currently working with the default cache. While this cache implementation is useful for development and tests, it's recommended to use Caffeine cache in production.You can switch to using Caffeine cache, by adding it and org.springframework.cache.caffeine.CaffeineCacheManager to the classpath.
2022-03-18 22:38:27.290  INFO 73009 --- [           main] o.s.b.w.embedded.tomcat.TomcatWebServer  : Tomcat started on port(s): 64885 (http) with context path ''
2022-03-18 22:38:27.291  INFO 73009 --- [           main] .s.c.n.e.s.EurekaAutoServiceRegistration : Updating port to 64885
2022-03-18 22:38:27.293  INFO 73009 --- [           main] o.s.c.n.eureka.InstanceInfoFactory       : Setting initial instance status as: STARTING
2022-03-18 22:38:27.338  INFO 73009 --- [           main] com.netflix.discovery.DiscoveryClient    : Initializing Eureka in region us-east-1
2022-03-18 22:38:27.341  INFO 73009 --- [           main] c.n.d.s.r.aws.ConfigClusterResolver      : Resolving eureka endpoints via configuration
2022-03-18 22:38:27.360  INFO 73009 --- [           main] com.netflix.discovery.DiscoveryClient    : Disable delta property : false
2022-03-18 22:38:27.360  INFO 73009 --- [           main] com.netflix.discovery.DiscoveryClient    : Single vip registry refresh property : null
2022-03-18 22:38:27.360  INFO 73009 --- [           main] com.netflix.discovery.DiscoveryClient    : Force full registry fetch : false
2022-03-18 22:38:27.360  INFO 73009 --- [           main] com.netflix.discovery.DiscoveryClient    : Application is null : false
2022-03-18 22:38:27.360  INFO 73009 --- [           main] com.netflix.discovery.DiscoveryClient    : Registered Applications size is zero : true
2022-03-18 22:38:27.360  INFO 73009 --- [           main] com.netflix.discovery.DiscoveryClient    : Application version is -1: true
2022-03-18 22:38:27.360  INFO 73009 --- [           main] com.netflix.discovery.DiscoveryClient    : Getting all instance registry info from the eureka server
2022-03-18 22:38:27.580  INFO 73009 --- [           main] com.netflix.discovery.DiscoveryClient    : The response status is 200
2022-03-18 22:38:27.583  INFO 73009 --- [           main] com.netflix.discovery.DiscoveryClient    : Starting heartbeat executor: renew interval is: 30
2022-03-18 22:38:27.587  INFO 73009 --- [           main] c.n.discovery.InstanceInfoReplicator     : InstanceInfoReplicator onDemand update allowed rate per min is 4
2022-03-18 22:38:27.594  INFO 73009 --- [           main] com.netflix.discovery.DiscoveryClient    : Discovery Client initialized at timestamp 1647610707593 with initial instances count: 0
2022-03-18 22:38:27.595  INFO 73009 --- [           main] o.s.c.n.e.s.EurekaServiceRegistry        : Registering application ORDER-SERVICE with eureka with status UP
2022-03-18 22:38:27.595  INFO 73009 --- [           main] com.netflix.discovery.DiscoveryClient    : Saw local status change event StatusChangeEvent [timestamp=1647610707595, current=UP, previous=STARTING]
2022-03-18 22:38:27.596  INFO 73009 --- [nfoReplicator-0] com.netflix.discovery.DiscoveryClient    : DiscoveryClient_ORDER-SERVICE/order-service:639efd00f6d9c69283a49dfca90c3405: registering service...
2022-03-18 22:38:27.617  INFO 73009 --- [           main] com.example.order.OrderApplication       : Started OrderApplication in 2.535 seconds (JVM running for 2.806)
2022-03-18 22:38:27.632  INFO 73009 --- [nfoReplicator-0] com.netflix.discovery.DiscoveryClient    : DiscoveryClient_ORDER-SERVICE/order-service:639efd00f6d9c69283a49dfca90c3405 - registration status: 204
2022-03-18 22:38:57.590  INFO 73009 --- [freshExecutor-0] com.netflix.discovery.DiscoveryClient    : Disable delta property : false
2022-03-18 22:38:57.592  INFO 73009 --- [freshExecutor-0] com.netflix.discovery.DiscoveryClient    : Single vip registry refresh property : null
2022-03-18 22:38:57.592  INFO 73009 --- [freshExecutor-0] com.netflix.discovery.DiscoveryClient    : Force full registry fetch : false
2022-03-18 22:38:57.592  INFO 73009 --- [freshExecutor-0] com.netflix.discovery.DiscoveryClient    : Application is null : false
2022-03-18 22:38:57.593  INFO 73009 --- [freshExecutor-0] com.netflix.discovery.DiscoveryClient    : Registered Applications size is zero : true
2022-03-18 22:38:57.593  INFO 73009 --- [freshExecutor-0] com.netflix.discovery.DiscoveryClient    : Application version is -1: false
2022-03-18 22:38:57.593  INFO 73009 --- [freshExecutor-0] com.netflix.discovery.DiscoveryClient    : Getting all instance registry info from the eureka server
2022-03-18 22:38:57.618  INFO 73009 --- [freshExecutor-0] com.netflix.discovery.DiscoveryClient    : The response status is 200
2022-03-18 22:39:20.048  INFO 73009 --- [o-auto-1-exec-1] o.a.c.c.C.[Tomcat].[localhost].[/]       : Initializing Spring DispatcherServlet 'dispatcherServlet'
2022-03-18 22:39:20.048  INFO 73009 --- [o-auto-1-exec-1] o.s.web.servlet.DispatcherServlet        : Initializing Servlet 'dispatcherServlet'
2022-03-18 22:39:20.053  INFO 73009 --- [o-auto-1-exec-1] o.s.web.servlet.DispatcherServlet        : Completed initialization in 5 ms
jsonString = {"userId":1,"productId":3,"quantity":5,"unitPrice":500}
2022-03-18 22:39:20.122  INFO 73009 --- [o-auto-1-exec-1] o.a.k.clients.producer.ProducerConfig    : ProducerConfig values: 
	acks = -1
	batch.size = 16384
	bootstrap.servers = [localhost:9092]
	buffer.memory = 33554432
	client.dns.lookup = use_all_dns_ips
	client.id = producer-1
	compression.type = none
	connections.max.idle.ms = 540000
	delivery.timeout.ms = 120000
	enable.idempotence = true
	interceptor.classes = []
	key.serializer = class org.apache.kafka.common.serialization.StringSerializer
	linger.ms = 0
	max.block.ms = 60000
	max.in.flight.requests.per.connection = 5
	max.request.size = 1048576
	metadata.max.age.ms = 300000
	metadata.max.idle.ms = 300000
	metric.reporters = []
	metrics.num.samples = 2
	metrics.recording.level = INFO
	metrics.sample.window.ms = 30000
	partitioner.class = class org.apache.kafka.clients.producer.internals.DefaultPartitioner
	receive.buffer.bytes = 32768
	reconnect.backoff.max.ms = 1000
	reconnect.backoff.ms = 50
	request.timeout.ms = 30000
	retries = 2147483647
	retry.backoff.ms = 100
	sasl.client.callback.handler.class = null
	sasl.jaas.config = null
	sasl.kerberos.kinit.cmd = /usr/bin/kinit
	sasl.kerberos.min.time.before.relogin = 60000
	sasl.kerberos.service.name = null
	sasl.kerberos.ticket.renew.jitter = 0.05
	sasl.kerberos.ticket.renew.window.factor = 0.8
	sasl.login.callback.handler.class = null
	sasl.login.class = null
	sasl.login.refresh.buffer.seconds = 300
	sasl.login.refresh.min.period.seconds = 60
	sasl.login.refresh.window.factor = 0.8
	sasl.login.refresh.window.jitter = 0.05
	sasl.mechanism = GSSAPI
	security.protocol = PLAINTEXT
	security.providers = null
	send.buffer.bytes = 131072
	socket.connection.setup.timeout.max.ms = 30000
	socket.connection.setup.timeout.ms = 10000
	ssl.cipher.suites = null
	ssl.enabled.protocols = [TLSv1.2, TLSv1.3]
	ssl.endpoint.identification.algorithm = https
	ssl.engine.factory.class = null
	ssl.key.password = null
	ssl.keymanager.algorithm = SunX509
	ssl.keystore.certificate.chain = null
	ssl.keystore.key = null
	ssl.keystore.location = null
	ssl.keystore.password = null
	ssl.keystore.type = JKS
	ssl.protocol = TLSv1.3
	ssl.provider = null
	ssl.secure.random.implementation = null
	ssl.trustmanager.algorithm = PKIX
	ssl.truststore.certificates = null
	ssl.truststore.location = null
	ssl.truststore.password = null
	ssl.truststore.type = JKS
	transaction.timeout.ms = 60000
	transactional.id = null
	value.serializer = class org.apache.kafka.common.serialization.StringSerializer

2022-03-18 22:39:20.152  INFO 73009 --- [o-auto-1-exec-1] o.a.kafka.common.utils.AppInfoParser     : Kafka version: 3.0.0
2022-03-18 22:39:20.153  INFO 73009 --- [o-auto-1-exec-1] o.a.kafka.common.utils.AppInfoParser     : Kafka commitId: 8cb0a5e9d3441962
2022-03-18 22:39:20.153  INFO 73009 --- [o-auto-1-exec-1] o.a.kafka.common.utils.AppInfoParser     : Kafka startTimeMs: 1647610760152
2022-03-18 22:39:20.292  INFO 73009 --- [ad | producer-1] org.apache.kafka.clients.Metadata        : [Producer clientId=producer-1] Cluster ID: sxFFykkJRMi1EMxo_1CL5g
jsonString = {"userId":1,"productId":3,"quantity":5,"unitPrice":500}
Hibernate: insert into orders (id, created_at, product_id, quantity, total_price, unit_price, user_id) values (default, ?, ?, ?, ?, ?, ?)
jsonString = {"userId":1,"productId":1,"quantity":10,"unitPrice":1500}
jsonString = {"userId":1,"productId":1,"quantity":10,"unitPrice":1500}
Hibernate: insert into orders (id, created_at, product_id, quantity, total_price, unit_price, user_id) values (default, ?, ?, ?, ?, ?, ?)
jsonString = {"userId":1,"productId":1,"quantity":1,"unitPrice":1500}
jsonString = {"userId":1,"productId":1,"quantity":1,"unitPrice":1500}
Hibernate: insert into orders (id, created_at, product_id, quantity, total_price, unit_price, user_id) values (default, ?, ?, ?, ?, ?, ?)
2022-03-18 22:43:27.380  INFO 73009 --- [trap-executor-0] c.n.d.s.r.aws.ConfigClusterResolver      : Resolving eureka endpoints via configuration
2022-03-18 22:48:27.391  INFO 73009 --- [trap-executor-0] c.n.d.s.r.aws.ConfigClusterResolver      : Resolving eureka endpoints via configuration
