
  .   ____          _            __ _ _
 /\\ / ___'_ __ _ _(_)_ __  __ _ \ \ \ \
( ( )\___ | '_ | '_| | '_ \/ _` | \ \ \ \
 \\/  ___)| |_)| | | | | || (_| |  ) ) ) )
  '  |____| .__|_| |_|_| |_\__, | / / / /
 =========|_|==============|___/=/_/_/_/
 :: Spring Boot ::                (v2.6.4)

2022-03-18 22:38:11.358  INFO 72961 --- [           main] com.example.user.UserApplication         : Starting UserApplication using Java 16.0.2 on ijunseoui-MacBookAir.local with PID 72961 (/Users/junslee/myspace/microservice/user/build/libs/user-0.0.1-SNAPSHOT.jar started by junslee in /Users/junslee/myspace/microservice/user)
2022-03-18 22:38:11.364  INFO 72961 --- [           main] com.example.user.UserApplication         : No active profile set, falling back to 1 default profile: "default"
2022-03-18 22:38:12.026  INFO 72961 --- [           main] .s.d.r.c.RepositoryConfigurationDelegate : Bootstrapping Spring Data JPA repositories in DEFAULT mode.
2022-03-18 22:38:12.157  INFO 72961 --- [           main] .s.d.r.c.RepositoryConfigurationDelegate : Finished Spring Data repository scanning in 125 ms. Found 1 JPA repository interfaces.
2022-03-18 22:38:12.421  INFO 72961 --- [           main] o.s.cloud.context.scope.GenericScope     : BeanFactory id=9784dfe4-4dea-3084-9b6b-7a695688169d
2022-03-18 22:38:12.761  INFO 72961 --- [           main] o.s.b.w.embedded.tomcat.TomcatWebServer  : Tomcat initialized with port(s): 0 (http)
2022-03-18 22:38:12.768  INFO 72961 --- [           main] o.apache.catalina.core.StandardService   : Starting service [Tomcat]
2022-03-18 22:38:12.768  INFO 72961 --- [           main] org.apache.catalina.core.StandardEngine  : Starting Servlet engine: [Apache Tomcat/9.0.58]
2022-03-18 22:38:12.818  INFO 72961 --- [           main] o.a.c.c.C.[Tomcat].[localhost].[/]       : Initializing Spring embedded WebApplicationContext
2022-03-18 22:38:12.818  INFO 72961 --- [           main] w.s.c.ServletWebServerApplicationContext : Root WebApplicationContext: initialization completed in 1420 ms
2022-03-18 22:38:12.844  INFO 72961 --- [           main] com.zaxxer.hikari.HikariDataSource       : HikariPool-1 - Starting...
2022-03-18 22:38:12.951  INFO 72961 --- [           main] com.zaxxer.hikari.HikariDataSource       : HikariPool-1 - Start completed.
2022-03-18 22:38:12.961  INFO 72961 --- [           main] o.s.b.a.h2.H2ConsoleAutoConfiguration    : H2 console available at '/h2-console'. Database available at 'jdbc:h2:mem:testdb'
2022-03-18 22:38:13.062  INFO 72961 --- [           main] o.hibernate.jpa.internal.util.LogHelper  : HHH000204: Processing PersistenceUnitInfo [name: default]
2022-03-18 22:38:13.086  INFO 72961 --- [           main] org.hibernate.Version                    : HHH000412: Hibernate ORM core version 5.6.5.Final
2022-03-18 22:38:13.187  INFO 72961 --- [           main] o.hibernate.annotations.common.Version   : HCANN000001: Hibernate Commons Annotations {5.1.2.Final}
2022-03-18 22:38:13.257  INFO 72961 --- [           main] org.hibernate.dialect.Dialect            : HHH000400: Using dialect: org.hibernate.dialect.H2Dialect
Hibernate: drop table if exists user CASCADE 
Hibernate: create table user (id bigint generated by default as identity, email varchar(255) not null, value integer not null, nickname varchar(255), password varchar(255), primary key (id))
Hibernate: create index idx_email on user (email)
Hibernate: alter table user add constraint UK_ob8kqyqqgmefl0aco34akdtpe unique (email)
2022-03-18 22:38:13.553  INFO 72961 --- [           main] o.h.e.t.j.p.i.JtaPlatformInitiator       : HHH000490: Using JtaPlatform implementation: [org.hibernate.engine.transaction.jta.platform.internal.NoJtaPlatform]
2022-03-18 22:38:13.561  INFO 72961 --- [           main] j.LocalContainerEntityManagerFactoryBean : Initialized JPA EntityManagerFactory for persistence unit 'default'
2022-03-18 22:38:13.815  WARN 72961 --- [           main] JpaBaseConfiguration$JpaWebConfiguration : spring.jpa.open-in-view is enabled by default. Therefore, database queries may be performed during view rendering. Explicitly configure spring.jpa.open-in-view to disable this warning
2022-03-18 22:38:14.134  INFO 72961 --- [           main] DiscoveryClientOptionalArgsConfiguration : Eureka HTTP Client uses RestTemplate.
2022-03-18 22:38:14.194  WARN 72961 --- [           main] iguration$LoadBalancerCaffeineWarnLogger : Spring Cloud LoadBalancer is currently working with the default cache. While this cache implementation is useful for development and tests, it's recommended to use Caffeine cache in production.You can switch to using Caffeine cache, by adding it and org.springframework.cache.caffeine.CaffeineCacheManager to the classpath.
2022-03-18 22:38:14.252  INFO 72961 --- [           main] o.a.k.clients.consumer.ConsumerConfig    : ConsumerConfig values: 
	allow.auto.create.topics = true
	auto.commit.interval.ms = 5000
	auto.offset.reset = latest
	bootstrap.servers = [localhost:9092]
	check.crcs = true
	client.dns.lookup = use_all_dns_ips
	client.id = consumer-consumerGroupId-1
	client.rack = 
	connections.max.idle.ms = 540000
	default.api.timeout.ms = 60000
	enable.auto.commit = false
	exclude.internal.topics = true
	fetch.max.bytes = 52428800
	fetch.max.wait.ms = 500
	fetch.min.bytes = 1
	group.id = consumerGroupId
	group.instance.id = null
	heartbeat.interval.ms = 3000
	interceptor.classes = []
	internal.leave.group.on.close = true
	internal.throw.on.fetch.stable.offset.unsupported = false
	isolation.level = read_uncommitted
	key.deserializer = class org.apache.kafka.common.serialization.StringDeserializer
	max.partition.fetch.bytes = 1048576
	max.poll.interval.ms = 300000
	max.poll.records = 500
	metadata.max.age.ms = 300000
	metric.reporters = []
	metrics.num.samples = 2
	metrics.recording.level = INFO
	metrics.sample.window.ms = 30000
	partition.assignment.strategy = [class org.apache.kafka.clients.consumer.RangeAssignor, class org.apache.kafka.clients.consumer.CooperativeStickyAssignor]
	receive.buffer.bytes = 65536
	reconnect.backoff.max.ms = 1000
	reconnect.backoff.ms = 50
	request.timeout.ms = 30000
	retry.backoff.ms = 100
	sasl.client.callback.handler.class = null
	sasl.jaas.config = null
	sasl.kerberos.kinit.cmd = /usr/bin/kinit
	sasl.kerberos.min.time.before.relogin = 60000
	sasl.kerberos.service.name = null
	sasl.kerberos.ticket.renew.jitter = 0.05
	sasl.kerberos.ticket.renew.window.factor = 0.8
	sasl.login.callback.handler.class = null
	sasl.login.class = null
	sasl.login.refresh.buffer.seconds = 300
	sasl.login.refresh.min.period.seconds = 60
	sasl.login.refresh.window.factor = 0.8
	sasl.login.refresh.window.jitter = 0.05
	sasl.mechanism = GSSAPI
	security.protocol = PLAINTEXT
	security.providers = null
	send.buffer.bytes = 131072
	session.timeout.ms = 45000
	socket.connection.setup.timeout.max.ms = 30000
	socket.connection.setup.timeout.ms = 10000
	ssl.cipher.suites = null
	ssl.enabled.protocols = [TLSv1.2, TLSv1.3]
	ssl.endpoint.identification.algorithm = https
	ssl.engine.factory.class = null
	ssl.key.password = null
	ssl.keymanager.algorithm = SunX509
	ssl.keystore.certificate.chain = null
	ssl.keystore.key = null
	ssl.keystore.location = null
	ssl.keystore.password = null
	ssl.keystore.type = JKS
	ssl.protocol = TLSv1.3
	ssl.provider = null
	ssl.secure.random.implementation = null
	ssl.trustmanager.algorithm = PKIX
	ssl.truststore.certificates = null
	ssl.truststore.location = null
	ssl.truststore.password = null
	ssl.truststore.type = JKS
	value.deserializer = class org.apache.kafka.common.serialization.StringDeserializer

2022-03-18 22:38:14.348  INFO 72961 --- [           main] o.a.kafka.common.utils.AppInfoParser     : Kafka version: 3.0.0
2022-03-18 22:38:14.348  INFO 72961 --- [           main] o.a.kafka.common.utils.AppInfoParser     : Kafka commitId: 8cb0a5e9d3441962
2022-03-18 22:38:14.348  INFO 72961 --- [           main] o.a.kafka.common.utils.AppInfoParser     : Kafka startTimeMs: 1647610694348
2022-03-18 22:38:14.350  INFO 72961 --- [           main] o.a.k.clients.consumer.KafkaConsumer     : [Consumer clientId=consumer-consumerGroupId-1, groupId=consumerGroupId] Subscribed to topic(s): user-topic
2022-03-18 22:38:14.369  INFO 72961 --- [           main] o.s.b.w.embedded.tomcat.TomcatWebServer  : Tomcat started on port(s): 64857 (http) with context path ''
2022-03-18 22:38:14.370  INFO 72961 --- [           main] .s.c.n.e.s.EurekaAutoServiceRegistration : Updating port to 64857
2022-03-18 22:38:14.374  INFO 72961 --- [           main] o.s.c.n.eureka.InstanceInfoFactory       : Setting initial instance status as: STARTING
2022-03-18 22:38:14.436  INFO 72961 --- [           main] com.netflix.discovery.DiscoveryClient    : Initializing Eureka in region us-east-1
2022-03-18 22:38:14.442  INFO 72961 --- [           main] c.n.d.s.r.aws.ConfigClusterResolver      : Resolving eureka endpoints via configuration
2022-03-18 22:38:14.497  INFO 72961 --- [           main] com.netflix.discovery.DiscoveryClient    : Disable delta property : false
2022-03-18 22:38:14.498  INFO 72961 --- [           main] com.netflix.discovery.DiscoveryClient    : Single vip registry refresh property : null
2022-03-18 22:38:14.498  INFO 72961 --- [           main] com.netflix.discovery.DiscoveryClient    : Force full registry fetch : false
2022-03-18 22:38:14.498  INFO 72961 --- [           main] com.netflix.discovery.DiscoveryClient    : Application is null : false
2022-03-18 22:38:14.498  INFO 72961 --- [           main] com.netflix.discovery.DiscoveryClient    : Registered Applications size is zero : true
2022-03-18 22:38:14.498  INFO 72961 --- [           main] com.netflix.discovery.DiscoveryClient    : Application version is -1: true
2022-03-18 22:38:14.498  INFO 72961 --- [           main] com.netflix.discovery.DiscoveryClient    : Getting all instance registry info from the eureka server
2022-03-18 22:38:14.865  INFO 72961 --- [ntainer#0-0-C-1] org.apache.kafka.clients.Metadata        : [Consumer clientId=consumer-consumerGroupId-1, groupId=consumerGroupId] Cluster ID: sxFFykkJRMi1EMxo_1CL5g
2022-03-18 22:38:14.870  INFO 72961 --- [ntainer#0-0-C-1] o.a.k.c.c.internals.ConsumerCoordinator  : [Consumer clientId=consumer-consumerGroupId-1, groupId=consumerGroupId] Discovered group coordinator 192.168.0.14:9092 (id: 2147483647 rack: null)
2022-03-18 22:38:14.872  INFO 72961 --- [ntainer#0-0-C-1] o.a.k.c.c.internals.ConsumerCoordinator  : [Consumer clientId=consumer-consumerGroupId-1, groupId=consumerGroupId] (Re-)joining group
2022-03-18 22:38:14.903  INFO 72961 --- [ntainer#0-0-C-1] o.a.k.c.c.internals.ConsumerCoordinator  : [Consumer clientId=consumer-consumerGroupId-1, groupId=consumerGroupId] Request joining group due to: need to re-join with the given member-id
2022-03-18 22:38:14.904  INFO 72961 --- [ntainer#0-0-C-1] o.a.k.c.c.internals.ConsumerCoordinator  : [Consumer clientId=consumer-consumerGroupId-1, groupId=consumerGroupId] (Re-)joining group
2022-03-18 22:38:14.914  INFO 72961 --- [ntainer#0-0-C-1] o.a.k.c.c.internals.ConsumerCoordinator  : [Consumer clientId=consumer-consumerGroupId-1, groupId=consumerGroupId] Successfully joined group with generation Generation{generationId=45, memberId='consumer-consumerGroupId-1-11cbb05d-affa-4a62-9629-810d4cf71e9f', protocol='range'}
2022-03-18 22:38:14.916  INFO 72961 --- [ntainer#0-0-C-1] o.a.k.c.c.internals.ConsumerCoordinator  : [Consumer clientId=consumer-consumerGroupId-1, groupId=consumerGroupId] Finished assignment for group at generation 45: {consumer-consumerGroupId-1-11cbb05d-affa-4a62-9629-810d4cf71e9f=Assignment(partitions=[user-topic-0])}
2022-03-18 22:38:14.942  INFO 72961 --- [ntainer#0-0-C-1] o.a.k.c.c.internals.ConsumerCoordinator  : [Consumer clientId=consumer-consumerGroupId-1, groupId=consumerGroupId] Successfully synced group in generation Generation{generationId=45, memberId='consumer-consumerGroupId-1-11cbb05d-affa-4a62-9629-810d4cf71e9f', protocol='range'}
2022-03-18 22:38:14.943  INFO 72961 --- [ntainer#0-0-C-1] o.a.k.c.c.internals.ConsumerCoordinator  : [Consumer clientId=consumer-consumerGroupId-1, groupId=consumerGroupId] Notifying assignor about the new Assignment(partitions=[user-topic-0])
2022-03-18 22:38:14.945  INFO 72961 --- [ntainer#0-0-C-1] o.a.k.c.c.internals.ConsumerCoordinator  : [Consumer clientId=consumer-consumerGroupId-1, groupId=consumerGroupId] Adding newly assigned partitions: user-topic-0
2022-03-18 22:38:14.960  INFO 72961 --- [ntainer#0-0-C-1] o.a.k.c.c.internals.ConsumerCoordinator  : [Consumer clientId=consumer-consumerGroupId-1, groupId=consumerGroupId] Setting offset for partition user-topic-0 to the committed offset FetchPosition{offset=12, offsetEpoch=Optional.empty, currentLeader=LeaderAndEpoch{leader=Optional[192.168.0.14:9092 (id: 0 rack: null)], epoch=0}}
2022-03-18 22:38:14.961  INFO 72961 --- [ntainer#0-0-C-1] o.s.k.l.KafkaMessageListenerContainer    : consumerGroupId: partitions assigned: [user-topic-0]
2022-03-18 22:38:15.075  INFO 72961 --- [           main] com.netflix.discovery.DiscoveryClient    : The response status is 200
2022-03-18 22:38:15.079  INFO 72961 --- [           main] com.netflix.discovery.DiscoveryClient    : Starting heartbeat executor: renew interval is: 30
2022-03-18 22:38:15.084  INFO 72961 --- [           main] c.n.discovery.InstanceInfoReplicator     : InstanceInfoReplicator onDemand update allowed rate per min is 4
2022-03-18 22:38:15.094  INFO 72961 --- [           main] com.netflix.discovery.DiscoveryClient    : Discovery Client initialized at timestamp 1647610695094 with initial instances count: 0
2022-03-18 22:38:15.098  INFO 72961 --- [           main] o.s.c.n.e.s.EurekaServiceRegistry        : Registering application USER-SERVICE with eureka with status UP
2022-03-18 22:38:15.098  INFO 72961 --- [           main] com.netflix.discovery.DiscoveryClient    : Saw local status change event StatusChangeEvent [timestamp=1647610695098, current=UP, previous=STARTING]
2022-03-18 22:38:15.099  INFO 72961 --- [nfoReplicator-0] com.netflix.discovery.DiscoveryClient    : DiscoveryClient_USER-SERVICE/user-service:a62228093ca47a27ee9742d32e33178c: registering service...
2022-03-18 22:38:15.114  INFO 72961 --- [           main] com.example.user.UserApplication         : Started UserApplication in 4.115 seconds (JVM running for 4.474)
2022-03-18 22:38:15.143  INFO 72961 --- [nfoReplicator-0] com.netflix.discovery.DiscoveryClient    : DiscoveryClient_USER-SERVICE/user-service:a62228093ca47a27ee9742d32e33178c - registration status: 204
2022-03-18 22:38:17.920  INFO 72961 --- [ntainer#0-0-C-1] o.a.k.c.c.internals.ConsumerCoordinator  : [Consumer clientId=consumer-consumerGroupId-1, groupId=consumerGroupId] Request joining group due to: group is already rebalancing
2022-03-18 22:38:17.922  INFO 72961 --- [ntainer#0-0-C-1] o.a.k.c.c.internals.ConsumerCoordinator  : [Consumer clientId=consumer-consumerGroupId-1, groupId=consumerGroupId] Revoke previously assigned partitions user-topic-0
2022-03-18 22:38:17.922  INFO 72961 --- [ntainer#0-0-C-1] o.s.k.l.KafkaMessageListenerContainer    : consumerGroupId: partitions revoked: [user-topic-0]
2022-03-18 22:38:17.923  INFO 72961 --- [ntainer#0-0-C-1] o.a.k.c.c.internals.ConsumerCoordinator  : [Consumer clientId=consumer-consumerGroupId-1, groupId=consumerGroupId] (Re-)joining group
2022-03-18 22:38:17.939  INFO 72961 --- [ntainer#0-0-C-1] o.a.k.c.c.internals.ConsumerCoordinator  : [Consumer clientId=consumer-consumerGroupId-1, groupId=consumerGroupId] Successfully joined group with generation Generation{generationId=46, memberId='consumer-consumerGroupId-1-11cbb05d-affa-4a62-9629-810d4cf71e9f', protocol='range'}
2022-03-18 22:38:18.040  INFO 72961 --- [ntainer#0-0-C-1] o.a.k.c.c.internals.ConsumerCoordinator  : [Consumer clientId=consumer-consumerGroupId-1, groupId=consumerGroupId] Finished assignment for group at generation 46: {consumer-consumerGroupId-1-11cbb05d-affa-4a62-9629-810d4cf71e9f=Assignment(partitions=[user-topic-0]), consumer-consumerGroupId-1-e2255bfa-97ff-43ec-a9b7-2036fb08624c=Assignment(partitions=[product-topic-0])}
2022-03-18 22:38:18.065  INFO 72961 --- [ntainer#0-0-C-1] o.a.k.c.c.internals.ConsumerCoordinator  : [Consumer clientId=consumer-consumerGroupId-1, groupId=consumerGroupId] SyncGroup failed: The group began another rebalance. Need to re-join the group. Sent generation was Generation{generationId=46, memberId='consumer-consumerGroupId-1-11cbb05d-affa-4a62-9629-810d4cf71e9f', protocol='range'}
2022-03-18 22:38:18.072  INFO 72961 --- [ntainer#0-0-C-1] o.a.k.c.c.internals.ConsumerCoordinator  : [Consumer clientId=consumer-consumerGroupId-1, groupId=consumerGroupId] (Re-)joining group
2022-03-18 22:38:18.073  INFO 72961 --- [ntainer#0-0-C-1] o.a.k.c.c.internals.ConsumerCoordinator  : [Consumer clientId=consumer-consumerGroupId-1, groupId=consumerGroupId] Successfully joined group with generation Generation{generationId=47, memberId='consumer-consumerGroupId-1-11cbb05d-affa-4a62-9629-810d4cf71e9f', protocol='range'}
2022-03-18 22:38:18.074  INFO 72961 --- [ntainer#0-0-C-1] o.a.k.c.c.internals.ConsumerCoordinator  : [Consumer clientId=consumer-consumerGroupId-1, groupId=consumerGroupId] Finished assignment for group at generation 47: {consumer-consumerGroupId-1-11cbb05d-affa-4a62-9629-810d4cf71e9f=Assignment(partitions=[user-topic-0])}
2022-03-18 22:38:18.075  INFO 72961 --- [ntainer#0-0-C-1] o.a.k.c.c.internals.ConsumerCoordinator  : [Consumer clientId=consumer-consumerGroupId-1, groupId=consumerGroupId] Successfully synced group in generation Generation{generationId=47, memberId='consumer-consumerGroupId-1-11cbb05d-affa-4a62-9629-810d4cf71e9f', protocol='range'}
2022-03-18 22:38:18.075  INFO 72961 --- [ntainer#0-0-C-1] o.a.k.c.c.internals.ConsumerCoordinator  : [Consumer clientId=consumer-consumerGroupId-1, groupId=consumerGroupId] Notifying assignor about the new Assignment(partitions=[user-topic-0])
2022-03-18 22:38:18.075  INFO 72961 --- [ntainer#0-0-C-1] o.a.k.c.c.internals.ConsumerCoordinator  : [Consumer clientId=consumer-consumerGroupId-1, groupId=consumerGroupId] Adding newly assigned partitions: user-topic-0
2022-03-18 22:38:18.076  INFO 72961 --- [ntainer#0-0-C-1] o.a.k.c.c.internals.ConsumerCoordinator  : [Consumer clientId=consumer-consumerGroupId-1, groupId=consumerGroupId] Setting offset for partition user-topic-0 to the committed offset FetchPosition{offset=12, offsetEpoch=Optional.empty, currentLeader=LeaderAndEpoch{leader=Optional[192.168.0.14:9092 (id: 0 rack: null)], epoch=0}}
2022-03-18 22:38:18.076  INFO 72961 --- [ntainer#0-0-C-1] o.s.k.l.KafkaMessageListenerContainer    : consumerGroupId: partitions assigned: [user-topic-0]
2022-03-18 22:38:24.077  INFO 72961 --- [ntainer#0-0-C-1] o.a.k.c.c.internals.ConsumerCoordinator  : [Consumer clientId=consumer-consumerGroupId-1, groupId=consumerGroupId] Request joining group due to: group is already rebalancing
2022-03-18 22:38:24.078  INFO 72961 --- [ntainer#0-0-C-1] o.a.k.c.c.internals.ConsumerCoordinator  : [Consumer clientId=consumer-consumerGroupId-1, groupId=consumerGroupId] Revoke previously assigned partitions user-topic-0
2022-03-18 22:38:24.078  INFO 72961 --- [ntainer#0-0-C-1] o.s.k.l.KafkaMessageListenerContainer    : consumerGroupId: partitions revoked: [user-topic-0]
2022-03-18 22:38:24.078  INFO 72961 --- [ntainer#0-0-C-1] o.a.k.c.c.internals.ConsumerCoordinator  : [Consumer clientId=consumer-consumerGroupId-1, groupId=consumerGroupId] (Re-)joining group
2022-03-18 22:38:24.082  INFO 72961 --- [ntainer#0-0-C-1] o.a.k.c.c.internals.ConsumerCoordinator  : [Consumer clientId=consumer-consumerGroupId-1, groupId=consumerGroupId] Successfully joined group with generation Generation{generationId=48, memberId='consumer-consumerGroupId-1-11cbb05d-affa-4a62-9629-810d4cf71e9f', protocol='range'}
2022-03-18 22:38:24.124  INFO 72961 --- [ntainer#0-0-C-1] o.a.k.c.c.internals.ConsumerCoordinator  : [Consumer clientId=consumer-consumerGroupId-1, groupId=consumerGroupId] Finished assignment for group at generation 48: {consumer-consumerGroupId-1-11cbb05d-affa-4a62-9629-810d4cf71e9f=Assignment(partitions=[user-topic-0]), consumer-consumerGroupId-1-6f114b80-d0a7-49b6-865e-8468923dc26a=Assignment(partitions=[product-topic-0])}
2022-03-18 22:38:24.129  INFO 72961 --- [ntainer#0-0-C-1] o.a.k.c.c.internals.ConsumerCoordinator  : [Consumer clientId=consumer-consumerGroupId-1, groupId=consumerGroupId] Successfully synced group in generation Generation{generationId=48, memberId='consumer-consumerGroupId-1-11cbb05d-affa-4a62-9629-810d4cf71e9f', protocol='range'}
2022-03-18 22:38:24.129  INFO 72961 --- [ntainer#0-0-C-1] o.a.k.c.c.internals.ConsumerCoordinator  : [Consumer clientId=consumer-consumerGroupId-1, groupId=consumerGroupId] Notifying assignor about the new Assignment(partitions=[user-topic-0])
2022-03-18 22:38:24.129  INFO 72961 --- [ntainer#0-0-C-1] o.a.k.c.c.internals.ConsumerCoordinator  : [Consumer clientId=consumer-consumerGroupId-1, groupId=consumerGroupId] Adding newly assigned partitions: user-topic-0
2022-03-18 22:38:24.130  INFO 72961 --- [ntainer#0-0-C-1] o.a.k.c.c.internals.ConsumerCoordinator  : [Consumer clientId=consumer-consumerGroupId-1, groupId=consumerGroupId] Setting offset for partition user-topic-0 to the committed offset FetchPosition{offset=12, offsetEpoch=Optional.empty, currentLeader=LeaderAndEpoch{leader=Optional[192.168.0.14:9092 (id: 0 rack: null)], epoch=0}}
2022-03-18 22:38:24.131  INFO 72961 --- [ntainer#0-0-C-1] o.s.k.l.KafkaMessageListenerContainer    : consumerGroupId: partitions assigned: [user-topic-0]
2022-03-18 22:38:45.091  INFO 72961 --- [freshExecutor-0] com.netflix.discovery.DiscoveryClient    : Disable delta property : false
2022-03-18 22:38:45.093  INFO 72961 --- [freshExecutor-0] com.netflix.discovery.DiscoveryClient    : Single vip registry refresh property : null
2022-03-18 22:38:45.093  INFO 72961 --- [freshExecutor-0] com.netflix.discovery.DiscoveryClient    : Force full registry fetch : false
2022-03-18 22:38:45.093  INFO 72961 --- [freshExecutor-0] com.netflix.discovery.DiscoveryClient    : Application is null : false
2022-03-18 22:38:45.093  INFO 72961 --- [freshExecutor-0] com.netflix.discovery.DiscoveryClient    : Registered Applications size is zero : true
2022-03-18 22:38:45.093  INFO 72961 --- [freshExecutor-0] com.netflix.discovery.DiscoveryClient    : Application version is -1: false
2022-03-18 22:38:45.093  INFO 72961 --- [freshExecutor-0] com.netflix.discovery.DiscoveryClient    : Getting all instance registry info from the eureka server
2022-03-18 22:38:45.132  INFO 72961 --- [freshExecutor-0] com.netflix.discovery.DiscoveryClient    : The response status is 200
2022-03-18 22:38:52.562  INFO 72961 --- [o-auto-1-exec-1] o.a.c.c.C.[Tomcat].[localhost].[/]       : Initializing Spring DispatcherServlet 'dispatcherServlet'
2022-03-18 22:38:52.563  INFO 72961 --- [o-auto-1-exec-1] o.s.web.servlet.DispatcherServlet        : Initializing Servlet 'dispatcherServlet'
2022-03-18 22:38:52.572  INFO 72961 --- [o-auto-1-exec-1] o.s.web.servlet.DispatcherServlet        : Completed initialization in 9 ms
Hibernate: insert into user (id, email, value, nickname, password) values (default, ?, ?, ?, ?)
Hibernate: select user0_.id as id1_0_0_, user0_.email as email2_0_0_, user0_.value as value3_0_0_, user0_.nickname as nickname4_0_0_, user0_.password as password5_0_0_ from user user0_ where user0_.id=?
Hibernate: update user set email=?, value=?, nickname=?, password=? where id=?
Hibernate: select user0_.id as id1_0_0_, user0_.email as email2_0_0_, user0_.value as value3_0_0_, user0_.nickname as nickname4_0_0_, user0_.password as password5_0_0_ from user user0_ where user0_.id=?
Hibernate: select user0_.id as id1_0_0_, user0_.email as email2_0_0_, user0_.value as value3_0_0_, user0_.nickname as nickname4_0_0_, user0_.password as password5_0_0_ from user user0_ where user0_.id=?
Hibernate: update user set email=?, value=?, nickname=?, password=? where id=?
2022-03-18 22:43:14.505  INFO 72961 --- [trap-executor-0] c.n.d.s.r.aws.ConfigClusterResolver      : Resolving eureka endpoints via configuration
2022-03-18 22:48:14.505  INFO 72961 --- [trap-executor-0] c.n.d.s.r.aws.ConfigClusterResolver      : Resolving eureka endpoints via configuration
